1677489142203	geckodriver	INFO	Listening on 127.0.0.1:37139
1677489142238	mozrunner::runner	INFO	Running command: "/usr/bin/firefox" "--marionette" "-no-remote" "-profile" "/tmp/rust_mozprofileqeYKei"
console.warn: services.settings: Ignoring preference override of remote settings server
console.warn: services.settings: Allow by setting MOZ_REMOTE_SETTINGS_DEVTOOLS=1 in the environment
[GFX1-]: glxtest: VA-API test failed: missing or old libva-drm library.
ATTENTION: default value of option mesa_glthread overridden by environment.
ATTENTION: default value of option mesa_glthread overridden by environment.
ATTENTION: default value of option mesa_glthread overridden by environment.
ATTENTION: default value of option mesa_glthread overridden by environment.
1677489143246	Marionette	INFO	Marionette enabled
1677489143252	Marionette	INFO	Listening on port 46079
1677489143470	RemoteAgent	WARN	TLS certificate errors will be ignored for this session
console.error: ({})
console.warn: SearchSettings: "get: No settings file exists, new profile?" (new NotFoundError("Could not open the file at /tmp/rust_mozprofileqeYKei/search.json.mozlz4", (void 0)))
JavaScript error: https://qualif-partenaires.groupagrica.com/modules/custom/authentification/assets/js/login.bundle.js?rqftuw, line 1: ReferenceError: email is not defined
JavaScript error: https://qualif-partenaires.groupagrica.com/modules/custom/authentification/assets/js/login.bundle.js?rqftuw, line 1: ReferenceError: email is not defined
JavaScript error: https://qualif-partenaires.groupagrica.com/modules/custom/authentification/assets/js/login.bundle.js?rqftuw, line 1: ReferenceError: email is not defined
JavaScript error: https://qualif-partenaires.groupagrica.com/modules/custom/authentification/assets/js/login.bundle.js?rqftuw, line 1: ReferenceError: email is not defined
JavaScript error: https://qualif-partenaires.groupagrica.com/modules/custom/authentification/assets/js/login.bundle.js?rqftuw, line 1: ReferenceError: email is not defined
JavaScript error: https://qualif-partenaires.groupagrica.com/modules/custom/authentification/assets/js/login.bundle.js?rqftuw, line 1: ReferenceError: email is not defined
JavaScript error: https://qualif-partenaires.groupagrica.com/modules/custom/authentification/assets/js/login.bundle.js?rqftuw, line 1: ReferenceError: email is not defined
JavaScript error: https://qualif-partenaires.groupagrica.com/modules/custom/authentification/assets/js/login.bundle.js?rqftuw, line 1: ReferenceError: email is not defined
JavaScript error: https://qualif-partenaires.groupagrica.com/modules/custom/authentification/assets/js/login.bundle.js?rqftuw, line 1: ReferenceError: email is not defined
JavaScript error: https://qualif-partenaires.groupagrica.com/modules/custom/authentification/assets/js/login.bundle.js?rqftuw, line 1: ReferenceError: email is not defined
JavaScript error: https://qualif-partenaires.groupagrica.com/modules/custom/authentification/assets/js/login.bundle.js?rqftuw, line 1: ReferenceError: email is not defined
JavaScript error: https://qualif-partenaires.groupagrica.com/modules/custom/authentification/assets/js/login.bundle.js?rqftuw, line 1: ReferenceError: email is not defined
JavaScript error: https://qualif-partenaires.groupagrica.com/modules/custom/authentification/assets/js/login.bundle.js?rqftuw, line 1: ReferenceError: email is not defined
JavaScript error: https://qualif-partenaires.groupagrica.com/modules/custom/authentification/assets/js/login.bundle.js?rqftuw, line 1: ReferenceError: email is not defined
JavaScript error: https://qualif-partenaires.groupagrica.com/modules/custom/authentification/assets/js/login.bundle.js?rqftuw, line 1: ReferenceError: email is not defined
JavaScript error: https://qualif-partenaires.groupagrica.com/modules/custom/authentification/assets/js/login.bundle.js?rqftuw, line 1: ReferenceError: email is not defined
JavaScript error: https://qualif-partenaires.groupagrica.com/modules/custom/authentification/assets/js/login.bundle.js?rqftuw, line 1: ReferenceError: email is not defined
JavaScript error: https://qualif-partenaires.groupagrica.com/modules/custom/authentification/assets/js/login.bundle.js?rqftuw, line 1: ReferenceError: email is not defined
JavaScript error: https://qualif-partenaires.groupagrica.com/modules/custom/authentification/assets/js/login.bundle.js?rqftuw, line 1: ReferenceError: email is not defined
JavaScript error: https://qualif-partenaires.groupagrica.com/modules/custom/authentification/assets/js/login.bundle.js?rqftuw, line 1: ReferenceError: email is not defined
JavaScript error: https://qualif-partenaires.groupagrica.com/modules/custom/authentification/assets/js/login.bundle.js?rqftuw, line 1: ReferenceError: email is not defined
JavaScript error: https://qualif-partenaires.groupagrica.com/modules/custom/authentification/assets/js/login.bundle.js?rqftuw, line 1: ReferenceError: email is not defined
JavaScript error: https://qualif-partenaires.groupagrica.com/modules/custom/authentification/assets/js/login.bundle.js?rqftuw, line 1: ReferenceError: email is not defined
JavaScript error: https://qualif-partenaires.groupagrica.com/modules/custom/authentification/assets/js/login.bundle.js?rqftuw, line 1: ReferenceError: email is not defined
JavaScript error: https://qualif-partenaires.groupagrica.com/modules/custom/authentification/assets/js/login.bundle.js?rqftuw, line 1: ReferenceError: email is not defined
JavaScript error: https://qualif-partenaires.groupagrica.com/modules/custom/authentification/assets/js/login.bundle.js?rqftuw, line 1: ReferenceError: email is not defined
JavaScript error: https://qualif-partenaires.groupagrica.com/modules/custom/authentification/assets/js/login.bundle.js?rqftuw, line 1: ReferenceError: email is not defined
JavaScript error: https://qualif-partenaires.groupagrica.com/modules/custom/authentification/assets/js/login.bundle.js?rqftuw, line 1: ReferenceError: email is not defined
JavaScript error: https://qualif-partenaires.groupagrica.com/modules/custom/authentification/assets/js/login.bundle.js?rqftuw, line 1: ReferenceError: email is not defined
JavaScript error: https://qualif-partenaires.groupagrica.com/modules/custom/authentification/assets/js/login.bundle.js?rqftuw, line 1: ReferenceError: email is not defined
JavaScript error: https://qualif-partenaires.groupagrica.com/modules/custom/authentification/assets/js/login.bundle.js?rqftuw, line 1: ReferenceError: email is not defined
JavaScript error: https://qualif-partenaires.groupagrica.com/modules/custom/authentification/assets/js/login.bundle.js?rqftuw, line 1: ReferenceError: email is not defined
JavaScript error: https://qualif-partenaires.groupagrica.com/modules/custom/authentification/assets/js/login.bundle.js?rqftuw, line 1: ReferenceError: email is not defined
JavaScript error: https://qualif-partenaires.groupagrica.com/modules/custom/authentification/assets/js/login.bundle.js?rqftuw, line 1: ReferenceError: email is not defined
JavaScript error: https://qualif-partenaires.groupagrica.com/modules/custom/authentification/assets/js/login.bundle.js?rqftuw, line 1: ReferenceError: email is not defined
JavaScript error: https://qualif-partenaires.groupagrica.com/modules/custom/authentification/assets/js/login.bundle.js?rqftuw, line 1: ReferenceError: email is not defined
JavaScript error: https://qualif-partenaires.groupagrica.com/modules/custom/authentification/assets/js/login.bundle.js?rqftuw, line 1: ReferenceError: email is not defined
JavaScript error: https://qualif-partenaires.groupagrica.com/modules/custom/authentification/assets/js/login.bundle.js?rqftuw, line 1: ReferenceError: email is not defined
JavaScript error: https://qualif-partenaires.groupagrica.com/modules/custom/authentification/assets/js/login.bundle.js?rqftuw, line 1: ReferenceError: email is not defined
JavaScript error: https://qualif-partenaires.groupagrica.com/modules/custom/authentification/assets/js/login.bundle.js?rqftuw, line 1: ReferenceError: email is not defined
JavaScript error: https://qualif-partenaires.groupagrica.com/modules/custom/authentification/assets/js/login.bundle.js?rqftuw, line 1: ReferenceError: email is not defined
JavaScript error: https://qualif-partenaires.groupagrica.com/modules/custom/authentification/assets/js/login.bundle.js?rqftuw, line 1: ReferenceError: email is not defined
JavaScript error: https://qualif-partenaires.groupagrica.com/modules/custom/authentification/assets/js/login.bundle.js?rqftuw, line 1: ReferenceError: email is not defined
JavaScript error: https://qualif-partenaires.groupagrica.com/modules/custom/authentification/assets/js/login.bundle.js?rqftuw, line 1: ReferenceError: email is not defined
JavaScript error: https://qualif-partenaires.groupagrica.com/modules/custom/authentification/assets/js/login.bundle.js?rqftuw, line 1: ReferenceError: email is not defined
JavaScript error: https://qualif-partenaires.groupagrica.com/modules/custom/authentification/assets/js/login.bundle.js?rqftuw, line 1: ReferenceError: email is not defined
JavaScript error: https://qualif-partenaires.groupagrica.com/modules/custom/authentification/assets/js/login.bundle.js?rqftuw, line 1: ReferenceError: email is not defined
JavaScript error: https://qualif-partenaires.groupagrica.com/modules/custom/authentification/assets/js/login.bundle.js?rqftuw, line 1: ReferenceError: email is not defined
JavaScript error: https://qualif-partenaires.groupagrica.com/modules/custom/authentification/assets/js/login.bundle.js?rqftuw, line 1: ReferenceError: email is not defined
JavaScript error: https://qualif-partenaires.groupagrica.com/modules/custom/authentification/assets/js/login.bundle.js?rqftuw, line 1: ReferenceError: email is not defined
JavaScript error: https://qualif-partenaires.groupagrica.com/modules/custom/authentification/assets/js/login.bundle.js?rqftuw, line 1: ReferenceError: email is not defined
JavaScript error: https://qualif-partenaires.groupagrica.com/modules/custom/authentification/assets/js/login.bundle.js?rqftuw, line 1: ReferenceError: email is not defined
JavaScript error: https://qualif-partenaires.groupagrica.com/modules/custom/authentification/assets/js/login.bundle.js?rqftuw, line 1: ReferenceError: email is not defined
JavaScript error: https://qualif-partenaires.groupagrica.com/modules/custom/authentification/assets/js/login.bundle.js?rqftuw, line 1: ReferenceError: email is not defined
JavaScript error: https://qualif-partenaires.groupagrica.com/modules/custom/authentification/assets/js/login.bundle.js?rqftuw, line 1: ReferenceError: email is not defined
JavaScript error: https://qualif-partenaires.groupagrica.com/modules/custom/authentification/assets/js/login.bundle.js?rqftuw, line 1: ReferenceError: email is not defined
JavaScript error: https://qualif-partenaires.groupagrica.com/modules/custom/authentification/assets/js/login.bundle.js?rqftuw, line 1: ReferenceError: email is not defined
JavaScript error: https://qualif-partenaires.groupagrica.com/modules/custom/authentification/assets/js/login.bundle.js?rqftuw, line 1: ReferenceError: email is not defined
JavaScript error: https://qualif-partenaires.groupagrica.com/modules/custom/authentification/assets/js/login.bundle.js?rqftuw, line 1: ReferenceError: email is not defined
JavaScript error: https://qualif-partenaires.groupagrica.com/modules/custom/authentification/assets/js/login.bundle.js?rqftuw, line 1: ReferenceError: email is not defined
JavaScript error: https://qualif-partenaires.groupagrica.com/modules/custom/authentification/assets/js/login.bundle.js?rqftuw, line 1: ReferenceError: email is not defined
JavaScript error: https://qualif-partenaires.groupagrica.com/modules/custom/authentification/assets/js/login.bundle.js?rqftuw, line 1: ReferenceError: email is not defined
JavaScript error: https://qualif-partenaires.groupagrica.com/modules/custom/authentification/assets/js/login.bundle.js?rqftuw, line 1: ReferenceError: email is not defined
JavaScript error: https://qualif-partenaires.groupagrica.com/modules/custom/authentification/assets/js/login.bundle.js?rqftuw, line 1: ReferenceError: email is not defined
JavaScript error: https://qualif-partenaires.groupagrica.com/modules/custom/authentification/assets/js/login.bundle.js?rqftuw, line 1: ReferenceError: email is not defined
JavaScript error: https://qualif-partenaires.groupagrica.com/modules/custom/authentification/assets/js/login.bundle.js?rqftuw, line 1: ReferenceError: email is not defined
JavaScript error: https://qualif-partenaires.groupagrica.com/modules/custom/authentification/assets/js/login.bundle.js?rqftuw, line 1: ReferenceError: email is not defined
JavaScript error: https://qualif-partenaires.groupagrica.com/modules/custom/authentification/assets/js/login.bundle.js?rqftuw, line 1: ReferenceError: email is not defined
console.warn: LoginRecipes: "Falling back to a synchronous message for: https://qualif-partenaires.groupagrica.com."
console.warn: LoginRecipes: "Falling back to a synchronous message for: https://qualif-partenaires.groupagrica.com."
1677489152591	Marionette	INFO	Stopped listening on port 46079
WARNING: A blocker encountered an error while we were waiting.
          Blocker:  Waiting for ping task
          Phase: TelemetryController: Waiting for pending ping activity
          State: (none)
WARNING: Error: Phase "profile-before-change" is finished, it is too late to register completion condition "OS.File: flush I/O queued before profileBeforeChange"
WARNING: addBlocker@resource://gre/modules/AsyncShutdown.sys.mjs:727:15
addBlocker@resource://gre/modules/AsyncShutdown.sys.mjs:523:26
addBlocker@resource://gre/modules/AsyncShutdown.sys.mjs:458:15
setupShutdown@resource://gre/modules/osfile/osfile_async_front.jsm:1548:28
@resource://gre/modules/osfile/osfile_async_front.jsm:1568:16
@resource://gre/modules/osfile.jsm:12:30
@resource://gre/modules/TelemetryStorage.sys.mjs:10:28
_checkPendingPings@resource://gre/modules/TelemetrySend.sys.mjs:863:17
setup@resource://gre/modules/TelemetrySend.sys.mjs:803:18
setup@resource://gre/modules/TelemetrySend.sys.mjs:241:30
setupTelemetry/this._delayedInitTask<@resource://gre/modules/TelemetryControllerParent.sys.mjs:829:36
observe@resource://gre/modules/AsyncShutdown.sys.mjs:576:16

WARNING: A blocker encountered an error while we were waiting.
          Blocker:  Waiting for ping task
          Phase: TelemetryController: Waiting for pending ping activity
          State: (none)
WARNING: Error: Phase "profile-before-change" is finished, it is too late to register completion condition "OS.File: flush I/O queued before profileBeforeChange"
WARNING: addBlocker@resource://gre/modules/AsyncShutdown.sys.mjs:727:15
addBlocker@resource://gre/modules/AsyncShutdown.sys.mjs:523:26
addBlocker@resource://gre/modules/AsyncShutdown.sys.mjs:458:15
setupShutdown@resource://gre/modules/osfile/osfile_async_front.jsm:1548:28
@resource://gre/modules/osfile/osfile_async_front.jsm:1568:16
@resource://gre/modules/osfile.jsm:12:30
@resource://gre/modules/TelemetryStorage.sys.mjs:10:28
_checkPendingPings@resource://gre/modules/TelemetrySend.sys.mjs:863:17
setup@resource://gre/modules/TelemetrySend.sys.mjs:803:18
setup@resource://gre/modules/TelemetrySend.sys.mjs:241:30
setupTelemetry/this._delayedInitTask<@resource://gre/modules/TelemetryControllerParent.sys.mjs:829:36
observe@resource://gre/modules/AsyncShutdown.sys.mjs:576:16

WARNING: A blocker encountered an error while we were waiting.
          Blocker:  Waiting for ping task
          Phase: TelemetryController: Waiting for pending ping activity
          State: (none)
WARNING: Error: Phase "profile-before-change" is finished, it is too late to register completion condition "OS.File: flush I/O queued before profileBeforeChange"
WARNING: addBlocker@resource://gre/modules/AsyncShutdown.sys.mjs:727:15
addBlocker@resource://gre/modules/AsyncShutdown.sys.mjs:523:26
addBlocker@resource://gre/modules/AsyncShutdown.sys.mjs:458:15
setupShutdown@resource://gre/modules/osfile/osfile_async_front.jsm:1548:28
@resource://gre/modules/osfile/osfile_async_front.jsm:1568:16
@resource://gre/modules/osfile.jsm:12:30
@resource://gre/modules/TelemetryStorage.sys.mjs:10:28
_checkPendingPings@resource://gre/modules/TelemetrySend.sys.mjs:863:17
setup@resource://gre/modules/TelemetrySend.sys.mjs:803:18
setup@resource://gre/modules/TelemetrySend.sys.mjs:241:30
setupTelemetry/this._delayedInitTask<@resource://gre/modules/TelemetryControllerParent.sys.mjs:829:36
observe@resource://gre/modules/AsyncShutdown.sys.mjs:576:16

WARNING: A blocker encountered an error while we were waiting.
          Blocker:  TelemetryController: shutting down
          Phase: profile-before-change-telemetry
          State: Error getting state: Error: Phase "profile-before-change" is finished, it is too late to register completion condition "OS.File: flush I/O queued before profileBeforeChange" at addBlocker@resource://gre/modules/AsyncShutdown.sys.mjs:727:15
addBlocker@resource://gre/modules/AsyncShutdown.sys.mjs:523:26
addBlocker@resource://gre/modules/AsyncShutdown.sys.mjs:458:15
setupShutdown@resource://gre/modules/osfile/osfile_async_front.jsm:1548:28
@resource://gre/modules/osfile/osfile_async_front.jsm:1568:16
@resource://gre/modules/osfile.jsm:12:30
@resource://gre/modules/TelemetryStorage.sys.mjs:10:28
_checkPendingPings@resource://gre/modules/TelemetrySend.sys.mjs:863:17
setup@resource://gre/modules/TelemetrySend.sys.mjs:803:18
setup@resource://gre/modules/TelemetrySend.sys.mjs:241:30
setupTelemetry/this._delayedInitTask<@resource://gre/modules/TelemetryControllerParent.sys.mjs:829:36
observe@resource://gre/modules/AsyncShutdown.sys.mjs:576:16

WARNING: Error: Phase "profile-before-change" is finished, it is too late to register completion condition "OS.File: flush I/O queued before profileBeforeChange"
WARNING: addBlocker@resource://gre/modules/AsyncShutdown.sys.mjs:727:15
addBlocker@resource://gre/modules/AsyncShutdown.sys.mjs:523:26
addBlocker@resource://gre/modules/AsyncShutdown.sys.mjs:458:15
setupShutdown@resource://gre/modules/osfile/osfile_async_front.jsm:1548:28
@resource://gre/modules/osfile/osfile_async_front.jsm:1568:16
@resource://gre/modules/osfile.jsm:12:30
@resource://gre/modules/TelemetryStorage.sys.mjs:10:28
_checkPendingPings@resource://gre/modules/TelemetrySend.sys.mjs:863:17
setup@resource://gre/modules/TelemetrySend.sys.mjs:803:18
setup@resource://gre/modules/TelemetrySend.sys.mjs:241:30
setupTelemetry/this._delayedInitTask<@resource://gre/modules/TelemetryControllerParent.sys.mjs:829:36
observe@resource://gre/modules/AsyncShutdown.sys.mjs:576:16

JavaScript error: resource://gre/modules/AsyncShutdown.sys.mjs, line 727: Error: Phase "profile-before-change" is finished, it is too late to register completion condition "OS.File: flush I/O queued before profileBeforeChange"
JavaScript error: resource://gre/modules/AsyncShutdown.sys.mjs, line 727: Error: Phase "profile-before-change" is finished, it is too late to register completion condition "OS.File: flush I/O queued before profileBeforeChange"
JavaScript error: resource://gre/modules/AsyncShutdown.sys.mjs, line 727: Error: Phase "profile-before-change" is finished, it is too late to register completion condition "OS.File: flush I/O queued before profileBeforeChange"
JavaScript error: resource://gre/modules/AsyncShutdown.sys.mjs, line 727: Error: Phase "profile-before-change" is finished, it is too late to register completion condition "OS.File: flush I/O queued before profileBeforeChange"
JavaScript error: resource://gre/modules/AsyncShutdown.sys.mjs, line 727: Error: Phase "profile-before-change" is finished, it is too late to register completion condition "OS.File: flush I/O queued before profileBeforeChange"
JavaScript error: resource://gre/modules/AsyncShutdown.sys.mjs, line 727: Error: Phase "profile-before-change" is finished, it is too late to register completion condition "OS.File: flush I/O queued before profileBeforeChange"
